TN:
SF:server.js
FN:51,(anonymous_0)
FN:66,(anonymous_1)
FN:83,(anonymous_2)
FN:89,(anonymous_3)
FN:91,(anonymous_4)
FN:97,(anonymous_5)
FN:99,(anonymous_6)
FNF:7
FNH:1
FNDA:9,(anonymous_0)
FNDA:0,(anonymous_1)
FNDA:0,(anonymous_2)
FNDA:0,(anonymous_3)
FNDA:0,(anonymous_4)
FNDA:0,(anonymous_5)
FNDA:0,(anonymous_6)
DA:1,1
DA:2,1
DA:3,1
DA:4,1
DA:5,1
DA:6,1
DA:8,1
DA:9,1
DA:10,1
DA:13,1
DA:14,1
DA:16,1
DA:19,1
DA:22,1
DA:25,1
DA:33,1
DA:41,1
DA:44,1
DA:45,1
DA:48,1
DA:51,1
DA:52,9
DA:57,9
DA:61,1
DA:62,1
DA:66,1
DA:67,0
DA:72,0
DA:79,1
DA:81,1
DA:83,1
DA:84,0
DA:85,0
DA:89,1
DA:90,0
DA:91,0
DA:92,0
DA:93,0
DA:97,1
DA:98,0
DA:99,0
DA:100,0
DA:101,0
DA:105,1
LF:44
LH:32
BRDA:26,0,0,0
BRDA:26,0,1,1
BRDA:81,1,0,1
BRDA:81,1,1,0
BRF:4
BRH:2
end_of_record
TN:
SF:config\database.js
FN:4,(anonymous_0)
FNF:1
FNH:1
FNDA:1,(anonymous_0)
DA:1,1
DA:2,1
DA:4,1
DA:5,1
DA:6,1
DA:10,1
DA:12,0
DA:13,0
DA:17,1
LF:9
LH:7
BRF:0
BRH:0
end_of_record
TN:
SF:config\email.js
FN:31,(anonymous_0)
FNF:1
FNH:0
FNDA:0,(anonymous_0)
DA:1,1
DA:2,1
DA:7,1
DA:9,1
DA:20,0
DA:31,1
DA:32,0
DA:33,0
DA:41,0
DA:42,0
DA:45,0
DA:46,0
DA:49,0
DA:51,0
DA:52,0
DA:56,1
LF:16
LH:6
BRDA:7,0,0,1
BRDA:7,0,1,0
BRDA:7,1,0,1
BRDA:7,1,1,0
BRDA:31,2,0,0
BRDA:34,3,0,0
BRDA:34,3,1,0
BRDA:45,4,0,0
BRDA:45,4,1,0
BRDA:45,5,0,0
BRDA:45,5,1,0
BRF:11
BRH:2
end_of_record
TN:
SF:controllers\authController.js
FN:5,(anonymous_0)
FN:41,(anonymous_1)
FNF:2
FNH:0
FNDA:0,(anonymous_0)
FNDA:0,(anonymous_1)
DA:1,1
DA:2,1
DA:5,1
DA:6,0
DA:7,0
DA:10,0
DA:11,0
DA:18,0
DA:20,0
DA:22,0
DA:31,0
DA:32,0
DA:41,1
DA:42,0
DA:44,0
DA:52,0
DA:53,0
DA:61,1
LF:18
LH:5
BRDA:10,0,0,0
BRDA:10,0,1,0
BRDA:10,1,0,0
BRDA:10,1,1,0
BRF:4
BRH:0
end_of_record
TN:
SF:controllers\productController.js
FN:8,(anonymous_0)
FN:21,(anonymous_1)
FN:54,(anonymous_2)
FN:102,(anonymous_3)
FN:133,(anonymous_4)
FN:165,(anonymous_5)
FN:207,(anonymous_6)
FN:266,(anonymous_7)
FN:308,(anonymous_8)
FNF:9
FNH:3
FNDA:5,(anonymous_0)
FNDA:0,(anonymous_1)
FNDA:0,(anonymous_2)
FNDA:0,(anonymous_3)
FNDA:2,(anonymous_4)
FNDA:0,(anonymous_5)
FNDA:3,(anonymous_6)
FNDA:0,(anonymous_7)
FNDA:0,(anonymous_8)
DA:1,1
DA:2,1
DA:3,1
DA:4,1
DA:5,1
DA:8,1
DA:9,5
DA:10,5
DA:11,5
DA:14,1
DA:15,0
DA:17,1
DA:21,1
DA:22,0
DA:23,0
DA:25,0
DA:32,0
DA:34,0
DA:39,0
DA:45,0
DA:46,0
DA:54,1
DA:55,0
DA:56,0
DA:57,0
DA:59,0
DA:61,0
DA:62,0
DA:68,0
DA:69,0
DA:76,0
DA:77,0
DA:78,0
DA:80,0
DA:82,0
DA:87,0
DA:93,0
DA:94,0
DA:102,1
DA:103,0
DA:104,0
DA:105,0
DA:106,0
DA:107,0
DA:108,0
DA:109,0
DA:111,0
DA:113,0
DA:118,0
DA:124,0
DA:125,0
DA:133,1
DA:134,2
DA:135,2
DA:137,2
DA:139,2
DA:140,1
DA:146,1
DA:150,1
DA:155,0
DA:156,0
DA:165,1
DA:166,0
DA:167,0
DA:169,0
DA:171,0
DA:172,0
DA:178,0
DA:179,0
DA:186,0
DA:187,0
DA:189,0
DA:193,0
DA:198,0
DA:199,0
DA:207,1
DA:208,3
DA:209,3
DA:210,3
DA:212,3
DA:214,3
DA:215,0
DA:221,3
DA:222,1
DA:228,2
DA:229,1
DA:236,1
DA:237,1
DA:239,1
DA:245,1
DA:256,0
DA:257,0
DA:266,1
DA:267,0
DA:268,0
DA:269,0
DA:271,0
DA:273,0
DA:274,0
DA:280,0
DA:281,0
DA:283,0
DA:288,0
DA:298,0
DA:299,0
DA:308,1
DA:309,0
DA:310,0
DA:311,0
DA:313,0
DA:315,0
DA:316,0
DA:322,0
DA:326,0
DA:337,0
DA:344,0
DA:346,0
DA:351,0
DA:356,0
DA:357,0
DA:365,1
LF:121
LH:40
BRDA:9,0,0,5
BRDA:9,0,1,0
BRDA:11,1,0,4
BRDA:11,1,1,1
BRDA:14,2,0,0
BRDA:14,2,1,1
BRDA:23,3,0,0
BRDA:61,4,0,0
BRDA:61,4,1,0
BRDA:68,5,0,0
BRDA:68,5,1,0
BRDA:76,6,0,0
BRDA:76,6,1,0
BRDA:77,7,0,0
BRDA:77,7,1,0
BRDA:78,8,0,0
BRDA:78,8,1,0
BRDA:106,9,0,0
BRDA:106,9,1,0
BRDA:107,10,0,0
BRDA:107,10,1,0
BRDA:108,11,0,0
BRDA:108,11,1,0
BRDA:109,12,0,0
BRDA:109,12,1,0
BRDA:139,13,0,1
BRDA:139,13,1,1
BRDA:139,14,0,2
BRDA:139,14,1,1
BRDA:171,15,0,0
BRDA:171,15,1,0
BRDA:178,16,0,0
BRDA:178,16,1,0
BRDA:214,17,0,0
BRDA:214,17,1,3
BRDA:214,18,0,3
BRDA:214,18,1,3
BRDA:221,19,0,1
BRDA:221,19,1,2
BRDA:228,20,0,1
BRDA:228,20,1,1
BRDA:273,21,0,0
BRDA:273,21,1,0
BRDA:273,22,0,0
BRDA:273,22,1,0
BRDA:315,23,0,0
BRDA:315,23,1,0
BRDA:315,24,0,0
BRDA:315,24,1,0
BRDA:322,25,0,0
BRDA:322,25,1,0
BRDA:334,26,0,0
BRDA:334,26,1,0
BRDA:337,27,0,0
BRDA:337,27,1,0
BRF:55
BRH:15
end_of_record
TN:
SF:middlewares\auth.js
FN:4,(anonymous_0)
FN:11,(anonymous_1)
FN:22,(anonymous_2)
FNF:3
FNH:3
FNDA:9,(anonymous_0)
FNDA:6,(anonymous_1)
FNDA:1,(anonymous_2)
DA:1,1
DA:2,1
DA:4,1
DA:5,9
DA:6,9
DA:7,9
DA:8,3
DA:9,3
DA:11,6
DA:12,6
DA:13,0
DA:14,0
DA:16,6
DA:17,6
DA:18,6
DA:22,1
DA:23,1
DA:28,1
LF:18
LH:16
BRDA:6,0,0,9
BRDA:6,0,1,6
BRDA:7,1,0,3
BRDA:7,1,1,6
BRDA:12,2,0,0
BRDA:12,2,1,6
BRDA:24,3,0,1
BRDA:24,3,1,0
BRF:8
BRH:6
end_of_record
TN:
SF:middlewares\errorHandler.js
FN:3,(anonymous_0)
FN:32,(anonymous_1)
FNF:2
FNH:0
FNDA:0,(anonymous_0)
FNDA:0,(anonymous_1)
DA:1,1
DA:3,1
DA:4,0
DA:5,0
DA:8,0
DA:19,0
DA:20,0
DA:21,0
DA:25,0
DA:26,0
DA:27,0
DA:31,0
DA:32,0
DA:33,0
DA:37,0
DA:38,0
DA:39,0
DA:42,0
DA:43,0
DA:44,0
DA:47,0
DA:54,1
LF:22
LH:3
BRDA:19,0,0,0
BRDA:19,0,1,0
BRDA:25,1,0,0
BRDA:25,1,1,0
BRDA:31,2,0,0
BRDA:31,2,1,0
BRDA:37,3,0,0
BRDA:37,3,1,0
BRDA:42,4,0,0
BRDA:42,4,1,0
BRDA:47,5,0,0
BRDA:47,5,1,0
BRDA:49,6,0,0
BRDA:49,6,1,0
BRDA:50,7,0,0
BRDA:50,7,1,0
BRF:16
BRH:0
end_of_record
TN:
SF:middlewares\upload.js
FN:14,(anonymous_0)
FN:17,(anonymous_1)
FN:26,(anonymous_2)
FN:45,(anonymous_3)
FNF:4
FNH:0
FNDA:0,(anonymous_0)
FNDA:0,(anonymous_1)
FNDA:0,(anonymous_2)
FNDA:0,(anonymous_3)
DA:1,1
DA:2,1
DA:3,1
DA:4,1
DA:7,1
DA:8,1
DA:9,0
DA:13,1
DA:15,0
DA:19,0
DA:20,0
DA:21,0
DA:26,1
DA:28,0
DA:29,0
DA:31,0
DA:36,1
DA:45,1
DA:46,0
DA:47,0
DA:48,0
DA:52,0
DA:57,0
DA:58,0
DA:62,0
DA:68,0
DA:69,0
DA:75,1
LF:28
LH:11
BRDA:7,0,0,1
BRDA:7,0,1,0
BRDA:8,1,0,0
BRDA:8,1,1,1
BRDA:28,2,0,0
BRDA:28,2,1,0
BRDA:39,3,0,1
BRDA:39,3,1,0
BRDA:46,4,0,0
BRDA:46,4,1,0
BRDA:47,5,0,0
BRDA:47,5,1,0
BRDA:57,6,0,0
BRDA:57,6,1,0
BRF:14
BRH:3
end_of_record
TN:
SF:middlewares\validation.js
FN:4,(anonymous_0)
FN:30,(anonymous_1)
FNF:2
FNH:2
FNDA:4,(anonymous_0)
FNDA:1,(anonymous_1)
DA:1,1
DA:4,1
DA:5,4
DA:6,4
DA:7,1
DA:13,3
DA:17,1
DA:31,1
DA:32,0
DA:34,1
DA:52,1
DA:79,1
DA:105,1
DA:120,1
DA:130,1
LF:15
LH:14
BRDA:6,0,0,1
BRDA:6,0,1,3
BRDA:31,1,0,0
BRDA:31,1,1,1
BRF:4
BRH:3
end_of_record
TN:
SF:models\Product.js
FN:18,(anonymous_0)
FN:54,(anonymous_1)
FN:63,(anonymous_2)
FN:68,(anonymous_3)
FNF:4
FNH:3
FNDA:8,(anonymous_0)
FNDA:8,(anonymous_1)
FNDA:1,(anonymous_2)
FNDA:0,(anonymous_3)
DA:1,1
DA:3,1
DA:19,8
DA:49,1
DA:50,1
DA:51,1
DA:54,1
DA:55,8
DA:56,7
DA:57,7
DA:59,8
DA:63,1
DA:64,1
DA:68,1
DA:69,0
DA:71,0
DA:72,0
DA:75,0
DA:76,0
DA:82,0
DA:84,0
DA:85,0
DA:88,0
DA:91,1
LF:24
LH:15
BRDA:55,0,0,7
BRDA:55,0,1,1
BRDA:55,1,0,8
BRDA:55,1,1,7
BRDA:57,2,0,0
BRDA:57,2,1,7
BRDA:64,3,0,1
BRDA:64,3,1,1
BRDA:64,3,2,1
BRDA:68,4,0,0
BRDA:71,5,0,0
BRDA:71,5,1,0
BRDA:75,6,0,0
BRDA:75,6,1,0
BRDA:84,7,0,0
BRDA:84,7,1,0
BRDA:84,8,0,0
BRDA:84,8,1,0
BRF:18
BRH:8
end_of_record
TN:
SF:routes\auth.js
FNF:0
FNH:0
DA:1,1
DA:2,1
DA:3,1
DA:4,1
DA:7,1
DA:9,1
DA:11,1
LF:7
LH:7
BRF:0
BRH:0
end_of_record
TN:
SF:routes\products.js
FNF:0
FNH:0
DA:1,1
DA:2,1
DA:3,1
DA:4,1
DA:10,1
DA:20,1
DA:23,1
DA:26,1
DA:29,1
DA:32,1
DA:35,1
DA:38,1
DA:41,1
DA:44,1
DA:47,1
DA:49,1
LF:16
LH:16
BRF:0
BRH:0
end_of_record
TN:
SF:utils\logger.js
FNF:0
FNH:0
DA:1,1
DA:2,1
DA:3,1
DA:6,1
DA:7,1
DA:8,0
DA:11,1
DA:37,1
DA:38,1
DA:46,1
LF:10
LH:9
BRDA:6,0,0,1
BRDA:6,0,1,0
BRDA:7,1,0,0
BRDA:7,1,1,1
BRDA:12,2,0,1
BRDA:12,2,1,0
BRDA:23,3,0,1
BRDA:23,3,1,0
BRDA:37,4,0,1
BRDA:37,4,1,0
BRF:10
BRH:5
end_of_record
